<?xml version="1.0" encoding="UTF-8"?>
<!-- Generated by org.testng.reporters.JUnitXMLReporter -->
<testsuite ignored="0" hostname="pc-002404-3" failures="1" tests="1" name="Run on firefox" time="4.498" errors="0" timestamp="19 May 2024 07:07:18 GMT">
  <testcase classname="com.jquery.upload.Level_14_Upload_File" name="TC_01_Upload_Single_File" time="0.028">
    <failure type="org.openqa.selenium.InvalidArgumentException" message="File not found: 
Build info: version: &amp;apos;4.20.0&amp;apos;, revision: &amp;apos;866c76ca80&amp;apos;
System info: os.name: &amp;apos;Windows 11&amp;apos;, os.arch: &amp;apos;amd64&amp;apos;, os.version: &amp;apos;10.0&amp;apos;, java.version: &amp;apos;21.0.1&amp;apos;
Driver info: org.openqa.selenium.firefox.FirefoxDriver
Command: [4a9cc481-979b-4c53-bc73-d2b2ee980761, sendKeysToElement {value=[Ljava.lang.CharSequence;@2dca0d64, id=95fdaaee-f241-442b-9443-9fe40ba11189}]
Capabilities {acceptInsecureCerts: true, browserName: firefox, browserVersion: 126.0, moz:accessibilityChecks: false, moz:buildID: 20240509170740, moz:debuggerAddress: 127.0.0.1:28251, moz:geckodriverVersion: 0.34.0, moz:headless: false, moz:platformVersion: 10.0, moz:processID: 27820, moz:profile: C:\Users\t002404\AppData\Lo..., moz:shutdownTimeout: 60000, moz:webdriverClick: true, moz:windowless: false, pageLoadStrategy: normal, platformName: windows, proxy: Proxy(), se:cdp: ws://127.0.0.1:28251/devtoo..., se:cdpVersion: 85.0, setWindowRect: true, strictFileInteractability: false, timeouts: {implicit: 0, pageLoad: 300000, script: 30000}, unhandledPromptBehavior: dismiss and notify, userAgent: Mozilla/5.0 (Windows NT 10....}
Element: [[FirefoxDriver: firefox on windows (4a9cc481-979b-4c53-bc73-d2b2ee980761)] -&amp;gt; css selector: input[type=&amp;apos;file&amp;apos;]]
Session ID: 4a9cc481-979b-4c53-bc73-d2b2ee980761">
      <![CDATA[org.openqa.selenium.InvalidArgumentException: File not found: 
Build info: version: '4.20.0', revision: '866c76ca80'
System info: os.name: 'Windows 11', os.arch: 'amd64', os.version: '10.0', java.version: '21.0.1'
Driver info: org.openqa.selenium.firefox.FirefoxDriver
Command: [4a9cc481-979b-4c53-bc73-d2b2ee980761, sendKeysToElement {value=[Ljava.lang.CharSequence;@2dca0d64, id=95fdaaee-f241-442b-9443-9fe40ba11189}]
Capabilities {acceptInsecureCerts: true, browserName: firefox, browserVersion: 126.0, moz:accessibilityChecks: false, moz:buildID: 20240509170740, moz:debuggerAddress: 127.0.0.1:28251, moz:geckodriverVersion: 0.34.0, moz:headless: false, moz:platformVersion: 10.0, moz:processID: 27820, moz:profile: C:\Users\t002404\AppData\Lo..., moz:shutdownTimeout: 60000, moz:webdriverClick: true, moz:windowless: false, pageLoadStrategy: normal, platformName: windows, proxy: Proxy(), se:cdp: ws://127.0.0.1:28251/devtoo..., se:cdpVersion: 85.0, setWindowRect: true, strictFileInteractability: false, timeouts: {implicit: 0, pageLoad: 300000, script: 30000}, unhandledPromptBehavior: dismiss and notify, userAgent: Mozilla/5.0 (Windows NT 10....}
Element: [[FirefoxDriver: firefox on windows (4a9cc481-979b-4c53-bc73-d2b2ee980761)] -> css selector: input[type='file']]
Session ID: 4a9cc481-979b-4c53-bc73-d2b2ee980761
at org.openqa.selenium.remote.ErrorCodec.decode(ErrorCodec.java:167)
at org.openqa.selenium.remote.codec.w3c.W3CHttpResponseCodec.decode(W3CHttpResponseCodec.java:138)
at org.openqa.selenium.remote.codec.w3c.W3CHttpResponseCodec.decode(W3CHttpResponseCodec.java:50)
at org.openqa.selenium.remote.HttpCommandExecutor.execute(HttpCommandExecutor.java:190)
at org.openqa.selenium.remote.service.DriverCommandExecutor.invokeExecute(DriverCommandExecutor.java:216)
at org.openqa.selenium.remote.service.DriverCommandExecutor.execute(DriverCommandExecutor.java:174)
at org.openqa.selenium.remote.RemoteWebDriver.execute(RemoteWebDriver.java:518)
at org.openqa.selenium.remote.RemoteWebElement.execute(RemoteWebElement.java:223)
at org.openqa.selenium.remote.RemoteWebElement.sendKeys(RemoteWebElement.java:110)
at commons.BasePage.uploadMultipleFiles(BasePage.java:176)
at com.jquery.upload.Level_14_Upload_File.TC_01_Upload_Single_File(Level_14_Upload_File.java:36)
... Removed 26 stack frames]]>
    </failure>
  </testcase> <!-- TC_01_Upload_Single_File -->
</testsuite> <!-- Run on firefox -->
