<?xml version="1.0" encoding="UTF-8"?>
<testng-results ignored="0" total="1" passed="1" failed="0" skipped="0">
  <reporter-output>
  </reporter-output>
  <suite started-at="2024-05-19T03:51:59Z" name="NopCommerce" finished-at="2024-05-19T03:52:13Z" duration-ms="13696">
    <groups>
    </groups>
    <test started-at="2024-05-19T03:51:59Z" name="Run on firefox" finished-at="2024-05-19T03:52:13Z" duration-ms="13696">
      <class name="com.jquery.table.Level_13_Handle_DataTable">
        <test-method is-config="true" signature="BeforeClass(java.lang.String, java.lang.String)[pri:0, instance:com.jquery.table.Level_13_Handle_DataTable@1e730495]" started-at="2024-05-19T03:51:59Z" name="BeforeClass" finished-at="2024-05-19T03:52:08Z" duration-ms="8898" status="PASS">
          <params>
            <param index="0">
              <value>
                <![CDATA[Firefox]]>
              </value>
            </param>
            <param index="1">
              <value>
                <![CDATA[https://www.jqueryscript.net/demo/CRUD-Data-Grid-Plugin-jQuery-Quickgrid/]]>
              </value>
            </param>
          </params>
          <reporter-output>
          </reporter-output>
        </test-method> <!-- BeforeClass -->
        <test-method signature="TC_06_Action_By_Index()[pri:0, instance:com.jquery.table.Level_13_Handle_DataTable@1e730495]" started-at="2024-05-19T03:52:08Z" name="TC_06_Action_By_Index" finished-at="2024-05-19T03:52:12Z" duration-ms="4177" status="PASS">
          <reporter-output>
          </reporter-output>
        </test-method> <!-- TC_06_Action_By_Index -->
        <test-method is-config="true" signature="AfterClass()[pri:0, instance:com.jquery.table.Level_13_Handle_DataTable@1e730495]" started-at="2024-05-19T03:52:12Z" name="AfterClass" finished-at="2024-05-19T03:52:13Z" duration-ms="613" status="PASS">
          <reporter-output>
          </reporter-output>
        </test-method> <!-- AfterClass -->
      </class> <!-- com.jquery.table.Level_13_Handle_DataTable -->
    </test> <!-- Run on firefox -->
  </suite> <!-- NopCommerce -->
</testng-results>
